
*** Running vivado
    with args -log blk_mem_gen_0.vds -m64 -product Vivado -mode batch -messageDb vivado.pb -notrace -source blk_mem_gen_0.tcl


****** Vivado v2016.4 (64-bit)
  **** SW Build 1756540 on Mon Jan 23 19:11:19 MST 2017
  **** IP Build 1755317 on Mon Jan 23 20:30:07 MST 2017
    ** Copyright 1986-2016 Xilinx, Inc. All Rights Reserved.

source blk_mem_gen_0.tcl -notrace
Starting RTL Elaboration : Time (s): cpu = 00:00:09 ; elapsed = 00:00:09 . Memory (MB): peak = 1094.543 ; gain = 172.098 ; free physical = 856 ; free virtual = 4298
INFO: [Synth 8-638] synthesizing module 'blk_mem_gen_0' [/home/dual/cs5190661/vivado/assignment10/assignment10.srcs/sources_1/ip/blk_mem_gen_0/synth/blk_mem_gen_0.vhd:70]
INFO: [Synth 8-256] done synthesizing module 'blk_mem_gen_0' (9#1) [/home/dual/cs5190661/vivado/assignment10/assignment10.srcs/sources_1/ip/blk_mem_gen_0/synth/blk_mem_gen_0.vhd:70]
Finished RTL Elaboration : Time (s): cpu = 00:00:53 ; elapsed = 00:00:54 . Memory (MB): peak = 1294.215 ; gain = 371.770 ; free physical = 635 ; free virtual = 4078
Finished RTL Optimization Phase 1 : Time (s): cpu = 00:00:53 ; elapsed = 00:00:55 . Memory (MB): peak = 1294.215 ; gain = 371.770 ; free physical = 636 ; free virtual = 4077
INFO: [Device 21-403] Loading part xc7a35tcpg236-1
Constraint Validation Runtime : Time (s): cpu = 00:00:00.02 ; elapsed = 00:00:00.02 . Memory (MB): peak = 1391.312 ; gain = 0.000 ; free physical = 600 ; free virtual = 4040
Finished Constraint Validation : Time (s): cpu = 00:01:01 ; elapsed = 00:01:04 . Memory (MB): peak = 1391.312 ; gain = 468.867 ; free physical = 623 ; free virtual = 4063
Finished Loading Part and Timing Information : Time (s): cpu = 00:01:01 ; elapsed = 00:01:04 . Memory (MB): peak = 1391.312 ; gain = 468.867 ; free physical = 623 ; free virtual = 4063
Finished applying 'set_property' XDC Constraints : Time (s): cpu = 00:01:01 ; elapsed = 00:01:04 . Memory (MB): peak = 1391.312 ; gain = 468.867 ; free physical = 623 ; free virtual = 4063
Finished RTL Optimization Phase 2 : Time (s): cpu = 00:01:01 ; elapsed = 00:01:05 . Memory (MB): peak = 1391.312 ; gain = 468.867 ; free physical = 618 ; free virtual = 4059
Finished Cross Boundary and Area Optimization : Time (s): cpu = 00:01:02 ; elapsed = 00:01:05 . Memory (MB): peak = 1391.312 ; gain = 468.867 ; free physical = 618 ; free virtual = 4058
Finished Applying XDC Timing Constraints : Time (s): cpu = 00:01:09 ; elapsed = 00:01:12 . Memory (MB): peak = 1414.312 ; gain = 491.867 ; free physical = 584 ; free virtual = 4024
Finished Timing Optimization : Time (s): cpu = 00:01:09 ; elapsed = 00:01:12 . Memory (MB): peak = 1414.312 ; gain = 491.867 ; free physical = 584 ; free virtual = 4024
Finished Technology Mapping : Time (s): cpu = 00:01:09 ; elapsed = 00:01:12 . Memory (MB): peak = 1424.328 ; gain = 501.883 ; free physical = 575 ; free virtual = 4015
Finished IO Insertion : Time (s): cpu = 00:01:09 ; elapsed = 00:01:12 . Memory (MB): peak = 1424.328 ; gain = 501.883 ; free physical = 551 ; free virtual = 3992
Finished Renaming Generated Instances : Time (s): cpu = 00:01:09 ; elapsed = 00:01:12 . Memory (MB): peak = 1424.328 ; gain = 501.883 ; free physical = 551 ; free virtual = 3992
Finished Rebuilding User Hierarchy : Time (s): cpu = 00:01:09 ; elapsed = 00:01:12 . Memory (MB): peak = 1424.328 ; gain = 501.883 ; free physical = 551 ; free virtual = 3992
Finished Renaming Generated Ports : Time (s): cpu = 00:01:09 ; elapsed = 00:01:12 . Memory (MB): peak = 1424.328 ; gain = 501.883 ; free physical = 551 ; free virtual = 3992
Finished Handling Custom Attributes : Time (s): cpu = 00:01:09 ; elapsed = 00:01:12 . Memory (MB): peak = 1424.328 ; gain = 501.883 ; free physical = 551 ; free virtual = 3991
Finished Renaming Generated Nets : Time (s): cpu = 00:01:09 ; elapsed = 00:01:12 . Memory (MB): peak = 1424.328 ; gain = 501.883 ; free physical = 551 ; free virtual = 3991

Report Cell Usage: 
+------+---------+------+
|      |Cell     |Count |
+------+---------+------+
|1     |RAMB18E1 |     1|
+------+---------+------+
Finished Writing Synthesis Report : Time (s): cpu = 00:01:09 ; elapsed = 00:01:12 . Memory (MB): peak = 1424.328 ; gain = 501.883 ; free physical = 551 ; free virtual = 3991
synth_design: Time (s): cpu = 00:01:06 ; elapsed = 00:01:09 . Memory (MB): peak = 1445.844 ; gain = 432.883 ; free physical = 554 ; free virtual = 3994
